<?xml version="1.0" encoding="UTF-8"?>
<!-- Generated by org.testng.reporters.JUnitXMLReporter -->
<testsuite ignored="0" hostname="Mds-MacBook-Air.local" failures="0" tests="1" name="Command line test" time="0.106" errors="0" timestamp="2019-09-17T15:55:48 EDT">
  <testcase classname="base.CommonApi" name="@BeforeMethod setup" time="-1.568750148597E9">
    <failure type="org.testng.TestNGException" message="
Parameter &amp;apos;url&amp;apos; is required by BeforeMethod on method setup but has not been marked @Optional or defined
">
      <![CDATA[org.testng.TestNGException: 
Parameter 'url' is required by BeforeMethod on method setup but has not been marked @Optional or defined

at java.base/java.util.ArrayList.forEach(ArrayList.java:1540)
... Removed 38 stack frames]]>
    </failure>
  </testcase> <!-- @BeforeMethod setup -->
  <testcase classname="base.CommonApi" name="@AfterMethod cleanup" time="-1.56875014863E9">
    <skipped/>
  </testcase> <!-- @AfterMethod cleanup -->
  <testcase classname="TodayDeals.TodayDealsTest" name="DealsTest" time="0.0">
    <skipped/>
  </testcase> <!-- DealsTest -->
</testsuite> <!-- Command line test -->
